<?xml version="1.0" encoding="UTF-8"?>
<testsuite name="com.example.project.TestIdGenerate" tests="1" skipped="0" failures="0" errors="0" timestamp="2025-01-27T19:14:06" hostname="codespaces-327af2" time="0.002">
  <properties/>
  <testcase name="testIdGenerate()" classname="com.example.project.TestIdGenerate" time="0.002"/>
  <system-out><![CDATA[]]></system-out>
  <system-err><![CDATA[]]></system-err>
</testsuite>
