<?xml version="1.0" encoding="UTF-8"?>
<testsuite name="com.example.project.TestUser" tests="2" skipped="0" failures="0" errors="0" timestamp="2025-01-27T16:17:50" hostname="codespaces-327af2" time="0.045">
  <properties/>
  <testcase name="testUserConstructor()" classname="com.example.project.TestUser" time="0.025"/>
  <testcase name="testUserInfo()" classname="com.example.project.TestUser" time="0.019"/>
  <system-out><![CDATA[]]></system-out>
  <system-err><![CDATA[]]></system-err>
</testsuite>
